********************************************************************************
Управляющее программное обеспечение персонализации РИК
Начало работы :27.10.01 15:04:53
Оператор -  Тарасов Андрей Юрьевич
Режим: Основной
Подача: Автоматическая
Смена режимов работы на:
Режим: Переделка
Подача: Автоматическая
Работа завершена: 27.10.01 15:07:17
********************************************************************************
Управляющее программное обеспечение персонализации РИК
Начало работы :27.10.01 15:07:20
Оператор -  Тарасов Андрей Юрьевич
Режим: Основной
Подача: Автоматическая
Смена режимов работы на:
Режим: Переделка
Подача: Автоматическая
Тестирование комплекса прошло успешно
Анализ заданий
Оператору доступны задания
Работа завершена: 27.10.01 15:08:41
********************************************************************************
Управляющее программное обеспечение персонализации РИК
Начало работы :27.10.01 15:18:45
Работа завершена: 27.10.01 15:18:55
********************************************************************************
Управляющее программное обеспечение персонализации РИК
Начало работы :28.10.01 10:52:29
Оператор -  Тарасов Андрей Юрьевич
Режим: Основной
Подача: Автоматическая
Тестирование комплекса прошло успешно
Работа завершена: 28.10.01 10:52:40
********************************************************************************
Управляющее программное обеспечение персонализации РИК
Начало работы :28.10.01 10:52:43
Оператор -  Тарасов Андрей Юрьевич
Режим: Основной
Подача: Автоматическая
Смена режимов работы на:
Режим: Переделка
Подача: Автоматическая
Тестирование комплекса прошло успешно
Анализ заданий
Оператору доступны задания
2B508AC3.prd
Персонализация документа: Без уч.SN
Файл протокола персоналиации :F:\Work_d1\Упо для Б ver 2\Jobs\EltronLog\1DEC327D.dat
Процесс персонализации карт завершен
Работа завершена: 28.10.01 10:55:13
********************************************************************************
Управляющее программное обеспечение персонализации РИК
Начало работы :28.10.01 11:00:17
Оператор -  Тарасов Андрей Юрьевич
Режим: Основной
Подача: Автоматическая
Смена режимов работы на:
Режим: Переделка
Подача: Автоматическая
Тестирование комплекса прошло успешно
Анализ заданий
Оператору доступны задания
2B508AC3.prd
Персонализация документа: Без уч.SN
Файл протокола персоналиации :F:\Work_d1\Упо для Б ver 2\Jobs\EltronLog\16B8DFCC.dat
Процесс персонализации карт завершен
Работа завершена: 28.10.01 11:03:14
********************************************************************************
Управляющее программное обеспечение персонализации РИК
Начало работы :28.10.01 11:11:57
Оператор -  Тарасов Андрей Юрьевич
Режим: Основной
Подача: Автоматическая
Смена режимов работы на:
Режим: Переделка
Подача: Автоматическая
Тестирование комплекса прошло успешно
Анализ заданий
Оператору доступны задания
2B508AC3.prd
Персонализация документа: Без уч.SN
Файл протокола персоналиации :F:\Work_d1\Упо для Б ver 2\Jobs\EltronLog\4C631990.dat
Процесс персонализации карт завершен
Работа завершена: 28.10.01 11:12:58
********************************************************************************
Управляющее программное обеспечение персонализации РИК
Начало работы :28.10.01 11:25:20
Работа завершена: 28.10.01 11:25:24
********************************************************************************
Управляющее программное обеспечение персонализации РИК
Начало работы :28.10.01 11:38:11
Оператор -  Тарасов Андрей Юрьевич
Режим: Основной
Подача: Автоматическая
Тестирование комплекса прошло успешно
Анализ заданий
Работа завершена: 28.10.01 11:38:28
********************************************************************************
Управляющее программное обеспечение персонализации РИК
Начало работы :28.10.01 11:40:37
Оператор -  Тарасов Андрей Юрьевич
Режим: Основной
Подача: Автоматическая
Смена режимов работы на:
Режим: Переделка
Подача: Автоматическая
Тестирование комплекса прошло успешно
Анализ заданий
Оператору доступны задания
2B508AC3.prd
Персонализация документа: Без уч.SN
Работа завершена: 28.10.01 11:44:05
********************************************************************************
Управляющее программное обеспечение персонализации РИК
Начало работы :28.10.01 11:53:01
Оператор -  Тарасов Андрей Юрьевич
Режим: Основной
Подача: Автоматическая
Смена режимов работы на:
Режим: Переделка
Подача: Автоматическая
Тестирование комплекса прошло успешно
Анализ заданий
Оператору доступны задания
2B508AC3.prd
Персонализация документа: Без уч.SN
Файл протокола персоналиации :F:\Work_d1\Упо для Б ver 2\Jobs\EltronLog\61584EED.dat
Процесс персонализации карт завершен
Работа завершена: 28.10.01 11:56:09
********************************************************************************
Управляющее программное обеспечение персонализации РИК
Начало работы :28.10.01 12:49:00
Оператор -  Тарасов Андрей Юрьевич
Режим: Основной
Подача: Автоматическая
Смена режимов работы на:
Режим: Переделка
Подача: Автоматическая
Тестирование комплекса прошло успешно
Анализ заданий
Оператору доступны задания
2B508AC3.prd
Персонализация документа: Без уч.SN
Файл протокола персоналиации :F:\Work_d1\Упо для Б ver 2\Jobs\EltronLog\ReBuild.dat
Персонализация документа: Без уч.SN
Файл протокола персоналиации :F:\Work_d1\Упо для Б ver 2\Jobs\EltronLog\ReBuild.dat
Персонализация документа: Без уч.SN
Файл протокола персоналиации :F:\Work_d1\Упо для Б ver 2\Jobs\EltronLog\ReBuild.dat
Работа завершена: 28.10.01 12:51:33
********************************************************************************
Управляющее программное обеспечение персонализации РИК
Начало работы :28.10.01 12:54:19
Оператор -  Тарасов Андрей Юрьевич
Режим: Основной
Подача: Автоматическая
Смена режимов работы на:
Режим: Переделка
Подача: Автоматическая
Тестирование комплекса прошло успешно
Анализ заданий
Оператору доступны задания
2B508AC3.prd
Персонализация документа: Без уч.SN
Файл протокола персоналиации :F:\Work_d1\Упо для Б ver 2\Jobs\EltronLog\ReBuild.dat
Работа завершена: 28.10.01 12:55:12
********************************************************************************
Управляющее программное обеспечение персонализации РИК
Начало работы :28.10.01 13:13:18
Оператор -  Тарасов Андрей Юрьевич
Режим: Основной
Подача: Автоматическая
Тестирование комплекса прошло успешно
Анализ заданий
Оператору доступны задания
2B4553CF.SPR
2B508ABD.SPR
2B508C12.SPR
2B56AF5D.SPR
2B56B029.SPR
2B508AC3.SPR
Персонализация документа: Без уч.SN
Файл протокола персоналиации :F:\Work_d1\Упо для Б ver 2\Jobs\EltronLog\57A2BCA1.dat
Процесс персонализации карт завершен
Работа завершена: 28.10.01 13:14:46
********************************************************************************
Управляющее программное обеспечение персонализации РИК
Начало работы :28.10.01 13:25:07
Оператор -  Administrator
Режим: Основной
Подача: Автоматическая
Работа завершена: 28.10.01 13:25:49
********************************************************************************
Управляющее программное обеспечение персонализации РИК
Начало работы :28.10.01 13:26:50
Оператор -  Тарасов Андрей Юрьевич
Режим: Основной
Подача: Автоматическая
Тестирование комплекса прошло успешно
Анализ заданий
Оператору доступны задания
2B4553CF.SPR
2B508ABD.SPR
2B508AC3.SPR
2B56AF5D.SPR
2B56B029.SPR
Работа завершена: 28.10.01 13:27:14
********************************************************************************
Управляющее программное обеспечение персонализации РИК
Начало работы :28.10.01 13:54:09
Оператор -  Administrator
Режим: Основной
Подача: Автоматическая
Работа завершена: 28.10.01 13:54:41
********************************************************************************
Управляющее программное обеспечение персонализации РИК
Начало работы :28.10.01 13:54:44
Оператор -  Administrator
Режим: Основной
Подача: Автоматическая
Работа завершена: 28.10.01 13:59:35
********************************************************************************
Управляющее программное обеспечение персонализации РИК
Начало работы :28.10.01 14:02:27
Оператор -  Administrator
Режим: Основной
Подача: Автоматическая
Работа завершена: 28.10.01 14:03:30
********************************************************************************
Управляющее программное обеспечение персонализации РИК
Начало работы :28.10.01 14:08:39
Оператор -  Administrator
Режим: Основной
Подача: Автоматическая
Работа завершена: 28.10.01 14:09:26
********************************************************************************
Управляющее программное обеспечение персонализации РИК
Начало работы :28.10.01 14:22:58
Работа завершена: 28.10.01 14:23:02
********************************************************************************
Управляющее программное обеспечение персонализации РИК
Начало работы :28.10.01 15:05:14
Работа завершена: 28.10.01 15:05:17
********************************************************************************
Управляющее программное обеспечение персонализации РИК
Начало работы :28.10.01 16:03:18
Оператор -  Тарасов Андрей Юрьевич
Режим: Основной
Подача: Автоматическая
Тестирование комплекса прошло успешно
Анализ заданий
Оператору доступны задания
2B4553CF.SPR
2B508ABD.SPR
2B56AF5D.SPR
2B56B029.SPR
2B508AC3.SPR
Персонализация документа: Без уч.SN
Файл протокола персоналиации :F:\Work_d1\Упо для Б ver 2\Jobs\EltronLog\14CAACC8.dat
Процесс персонализации карт завершен
Работа завершена: 28.10.01 16:05:39
********************************************************************************
Управляющее программное обеспечение персонализации РИК
Начало работы :28.10.01 16:10:16
Оператор -  Тарасов Андрей Юрьевич
Режим: Основной
Подача: Автоматическая
Тестирование комплекса прошло успешно
Анализ заданий
Оператору доступны задания
2B5C8030.SPR
Персонализация документа: OCK-2-01
Файл протокола персоналиации :F:\Work_d1\Упо для Б ver 2\Jobs\EltronLog\5C3A42AE.dat
Процесс персонализации карт завершен
Работа завершена: 28.10.01 16:13:51
********************************************************************************
Управляющее программное обеспечение персонализации РИК
Начало работы :28.10.01 16:14:05
Оператор -  Тарасов Андрей Юрьевич
Режим: Основной
Подача: Автоматическая
Тестирование комплекса прошло успешно
Анализ заданий
Оператору доступны задания
2B5C8030.SPR
Работа завершена: 28.10.01 16:14:34
********************************************************************************
Управляющее программное обеспечение персонализации РИК
Начало работы :29.10.01 15:51:48
Оператор -  Administrator
Режим: Основной
Подача: Автоматическая
Оператор -  Тарасов Андрей Юрьевич
Режим: Основной
Подача: Автоматическая
Тестирование комплекса прошло успешно
Анализ заданий
Оператору доступны задания
2B5C8030.SPR
Работа завершена: 29.10.01 15:53:56
********************************************************************************
Управляющее программное обеспечение персонализации РИК
Начало работы :29.10.01 15:56:21
Оператор -  Тарасов Андрей Юрьевич
Режим: Основной
Подача: Автоматическая
Тестирование комплекса прошло успешно
Анализ заданий
Оператору доступны задания
2B5C8030.SPR
Работа завершена: 29.10.01 15:57:38
********************************************************************************
Управляющее программное обеспечение персонализации РИК
Начало работы :29.10.01 16:21:26
Оператор -  Тарасов Андрей Юрьевич
Режим: Основной
Подача: Автоматическая
Тестирование комплекса прошло успешно
Анализ заданий
Оператору доступны задания
2B5C8030.SPR
2B508ABD.SPR
2B508AC3.SPR
Персонализация документа: Без уч.SN
Файл протокола персоналиации :F:\Work_d1\Упо для Б ver 2\Jobs\EltronLog\515AFAAB.dat
Процесс персонализации карт завершен
Работа завершена: 29.10.01 16:23:12
********************************************************************************
Управляющее программное обеспечение персонализации РИК
Начало работы :29.10.01 16:23:15
Оператор -  Administrator
Режим: Основной
Подача: Автоматическая
Подготовили переделку документа: Без уч.SN
Имя файла задания: 2B508AC3.prd
Оператор -  Administrator
Режим: Основной
Подача: Автоматическая
Удалили документ: Без уч.SN
Имя файла задания: 2B508AC3.prd
Подготовили переделку документа: Без уч.SN
Имя файла задания: 2B508AC3.prd
Оператор -  Тарасов Андрей Юрьевич
Режим: Основной
Подача: Автоматическая
Тестирование комплекса прошло успешно
Анализ заданий
Оператору доступны задания
2B5C8030.SPR
2B508ABD.SPR
2B508AC3.SPR
Персонализация документа: С уч.SN
Файл протокола персоналиации :F:\Work_d1\Упо для Б ver 2\Jobs\EltronLog\66E1A861.dat
Процесс персонализации карт завершен
Оператор выгружает задание
2B508ABD.SPR
Задание выгружено
Работа завершена: 29.10.01 16:28:44
********************************************************************************
Управляющее программное обеспечение персонализации РИК
Начало работы :30.10.01 16:13:08
Оператор -  Administrator
Режим: Основной
Подача: Автоматическая
Работа завершена: 30.10.01 16:13:25
********************************************************************************
Управляющее программное обеспечение персонализации РИК
Начало работы :30.10.01 16:13:28
Оператор -  Тарасов Андрей Юрьевич
Режим: Основной
Подача: Автоматическая
Тестирование комплекса прошло успешно
Анализ заданий
Оператору доступны задания
2B5E7CCA.SPR
Работа завершена: 30.10.01 16:13:48
********************************************************************************
Управляющее программное обеспечение персонализации РИК
Начало работы :30.10.01 16:13:51
Оператор -  Administrator
Режим: Основной
Подача: Автоматическая
Подготовили переделку документа: OCK-2-01
Имя файла задания: 2B5E7CCA.prd
Оператор -  Тарасов Андрей Юрьевич
Режим: Основной
Подача: Автоматическая
Смена режимов работы на:
Режим: Переделка
Подача: Автоматическая
Тестирование комплекса прошло успешно
Анализ заданий
Оператору доступны задания
2B5E7CCA.prd
Персонализация документа: OCK-2-01
Файл протокола персоналиации :F:\Work_d1\Упо для Б ver 2\Jobs\EltronLog\ReBuild.dat
Персонализация документа: OCK-2-01
Файл протокола персоналиации :F:\Work_d1\Упо для Б ver 2\Jobs\EltronLog\ReBuild.dat
Персонализация документа: OCK-2-01
Файл протокола персоналиации :F:\Work_d1\Упо для Б ver 2\Jobs\EltronLog\ReBuild.dat
Работа завершена: 30.10.01 16:23:19
********************************************************************************
Управляющее программное обеспечение персонализации РИК
Начало работы :31.10.01 11:24:12
Оператор -  Тарасов Андрей Юрьевич
Режим: Основной
Подача: Автоматическая
Тестирование комплекса прошло успешно
Тестирование карт бывших в употреблениии
Успешно протестированных карт: 97
Бракованных карт: 25
Работа завершена: 31.10.01 11:42:24
********************************************************************************
Управляющее программное обеспечение персонализации РИК
Начало работы :01.11.01 14:36:56
Оператор -  Тарасов Андрей Юрьевич
Режим: Основной
Подача: Автоматическая
Смена режимов работы на:
Режим: Переделка
Подача: Автоматическая
Тестирование комплекса прошло успешно
Анализ заданий
Оператору доступны задания
2B5E7CCA.prd
Персонализация документа: OCK-2-01
Файл протокола персоналиации :F:\Work_d1\Упо для Б ver 2\Jobs\EltronLog\ReBuild.dat
Работа завершена: 01.11.01 14:37:46
********************************************************************************
Управляющее программное обеспечение персонализации РИК
Начало работы :01.11.01 14:44:31
Оператор -  Тарасов Андрей Юрьевич
Режим: Основной
Подача: Автоматическая
Тестирование комплекса прошло успешно
Работа завершена: 01.11.01 14:45:12
********************************************************************************
Управляющее программное обеспечение персонализации РИК
Начало работы :01.11.01 14:48:47
Оператор -  Тарасов Андрей Юрьевич
Режим: Основной
Подача: Автоматическая
Тестирование комплекса прошло успешно
Чтение серийных номеров в файл: 59EB4898.s_n
Успешно записанных серийных номеров: 4
Бракованных карт: 0
Анализ заданий
Оператору доступны задания
2B5E7CCA.SPR
2B508ABD.SPR
2B508AC3.SPR
Работа завершена: 01.11.01 14:52:47
********************************************************************************
Управляющее программное обеспечение персонализации РИК
Начало работы :01.11.01 14:52:49
Оператор -  Administrator
Режим: Основной
Подача: Автоматическая
Подготовили переделку документа: OCK-2-01
Имя файла задания: 2B5E7CCA.prd
Оператор -  Тарасов Андрей Юрьевич
Режим: Основной
Подача: Автоматическая
Смена режимов работы на:
Режим: Переделка
Подача: Автоматическая
Тестирование комплекса прошло успешно
Анализ заданий
Оператору доступны задания
2B5E7CCA.prd
Работа завершена: 01.11.01 14:54:53
********************************************************************************
Управляющее программное обеспечение персонализации РИК
Начало работы :01.11.01 14:54:58
Оператор -  Administrator
Режим: Основной
Подача: Автоматическая
Удалили документ: OCK-2-01
Имя файла задания: 2B5E7CCA.prd
Работа завершена: 01.11.01 14:56:00
********************************************************************************
Управляющее программное обеспечение персонализации РИК
Начало работы :01.11.01 14:58:31
Оператор -  Иванов Сергей Петрович
Режим: Основной
Подача: Автоматическая
Работа завершена: 01.11.01 15:01:47
********************************************************************************
Управляющее программное обеспечение персонализации РИК
Начало работы :01.11.01 15:01:49
Работа завершена: 01.11.01 15:01:54
********************************************************************************
Управляющее программное обеспечение персонализации РИК
Начало работы :01.11.01 15:01:57
Оператор -  Тарасов Андрей Юрьевич
Режим: Основной
Подача: Автоматическая
Тестирование комплекса прошло успешно
Анализ заданий
Оператору доступны задания
2B5E7CCA.SPR
2B508ABD.SPR
2B508AC3.SPR
Персонализация документа: Без уч.SN
Файл протокола персоналиации :F:\Work_d1\Упо для Б ver 2\Jobs\EltronLog\31D724DF.dat
Процесс персонализации карт завершен
Оператор выгружает задание
2B508AC3.SPR
Задание выгружено
Работа завершена: 01.11.01 15:05:33
********************************************************************************
Управляющее программное обеспечение персонализации РИК
Начало работы :01.11.01 15:08:39
Оператор -  Тарасов Андрей Юрьевич
Режим: Основной
Подача: Автоматическая
Тестирование комплекса прошло успешно
Анализ заданий
Оператору доступны задания
2B5E7CCA.SPR
2B508ABD.SPR
2B508AC3.SPR
Оператор выгружает задание
2B508AC3.SPR
Задание выгружено
Работа завершена: 01.11.01 15:10:01
********************************************************************************
Управляющее программное обеспечение персонализации РИК
Начало работы :01.11.01 15:41:09
Работа завершена: 01.11.01 15:41:13
********************************************************************************
Управляющее программное обеспечение персонализации РИК
Начало работы :01.11.01 15:41:52
Оператор -  Тарасов Андрей Юрьевич
Режим: Основной
Подача: Автоматическая
Тестирование комплекса прошло успешно
Работа завершена: 01.11.01 15:42:54
********************************************************************************
Управляющее программное обеспечение персонализации РИК
Начало работы :01.11.01 15:43:39
Оператор -  Тарасов Андрей Юрьевич
Режим: Основной
Подача: Автоматическая
Тестирование комплекса прошло успешно
Анализ заданий
Работа завершена: 01.11.01 15:45:06
********************************************************************************
Управляющее программное обеспечение персонализации РИК
Начало работы :02.11.01 14:37:47
Оператор -  Тарасов Андрей Юрьевич
Режим: Основной
Подача: Автоматическая
Ошибка в работе оборудования: Ошибка при подачи питания
Тестирование комплекса прошло успешно
Тестирование карт бывших в употреблениии
Ошибка в работе оборудования: Не получилось открыть порт LPT1
Тестирование карт бывших в употреблениии
Ошибка в работе оборудования: Не получилось открыть порт LPT1
Тестирование карт бывших в употреблениии
Ошибка в работе оборудования: Не получилось открыть порт LPT1
Работа завершена: 02.11.01 14:41:46
********************************************************************************
Управляющее программное обеспечение персонализации РИК
Начало работы :02.11.01 14:42:10
Оператор -  Тарасов Андрей Юрьевич
Режим: Основной
Подача: Автоматическая
Тестирование комплекса прошло успешно
Тестирование карт бывших в употреблениии
Успешно протестированных карт: 97
Бракованных карт: 8
Работа завершена: 02.11.01 14:56:52
********************************************************************************
Управляющее программное обеспечение персонализации РИК
Начало работы :02.11.01 15:07:51
Работа завершена: 02.11.01 15:07:58
********************************************************************************
Управляющее программное обеспечение персонализации РИК
Начало работы :02.11.01 15:08:05
Оператор -  Тарасов Андрей Юрьевич
Режим: Основной
Подача: Автоматическая
Тестирование комплекса прошло успешно
Тестирование карт бывших в употреблениии
Успешно протестированных карт: 1
Бракованных карт: 1
Работа завершена: 02.11.01 15:09:24
********************************************************************************
Управляющее программное обеспечение персонализации РИК
Начало работы :06.11.01 8:53:30
Работа завершена: 06.11.01 8:53:33
********************************************************************************
Управляющее программное обеспечение персонализации РИК
Начало работы :15.11.01 16:39:00
Оператор -  Тарасов Андрей Юрьевич
Режим: Основной
Подача: Автоматическая
Тестирование комплекса прошло успешно
Анализ заданий
Оператору доступны задания
2B6F5999.SPR
Персонализация документа: OCK-2-01
Ошибка: Несоответствие статусов полученного 63C1 и ожидаемого 9000
Работа завершена: 15.11.01 16:45:26
********************************************************************************
Управляющее программное обеспечение персонализации РИК
Начало работы :15.11.01 16:51:19
Оператор -  Тарасов Андрей Юрьевич
Режим: Основной
Подача: Автоматическая
Тестирование комплекса прошло успешно
Анализ заданий
Оператору доступны задания
2B6F5999.SPR
2B6F58FD.SPR
Персонализация документа: OCK-2-01
Работа завершена: 15.11.01 16:52:01
********************************************************************************
Управляющее программное обеспечение персонализации РИК
Начало работы :15.11.01 16:52:57
Оператор -  Тарасов Андрей Юрьевич
Режим: Основной
Подача: Автоматическая
Тестирование комплекса прошло успешно
Анализ заданий
Оператору доступны задания
2B6F5999.SPR
2B6F58FD.SPR
Персонализация документа: OCK-2-01
Файл протокола персоналиации :F:\Work_d1\Упо для Б ver 2\Jobs\EltronLog\69D0862.dat
Процесс персонализации карт завершен
Работа завершена: 15.11.01 16:54:35
********************************************************************************
Управляющее программное обеспечение персонализации РИК
Начало работы :19.11.01 11:03:58
Оператор -  Тарасов Андрей Юрьевич
Режим: Основной
Подача: Автоматическая
Работа завершена: 19.11.01 11:04:05
********************************************************************************
Управляющее программное обеспечение персонализации РИК
Начало работы :19.11.01 11:05:28
Оператор -  Тарасов Андрей Юрьевич
Режим: Основной
Подача: Автоматическая
Тестирование комплекса прошло успешно
Анализ заданий
Оператору доступны задания
2B508AC3.SPR
Персонализация документа: Без уч.SN
Файл протокола персоналиации :F:\Work_d1\Упо для Б ver 2\Jobs\EltronLog\73A9A882.dat
Процесс персонализации карт завершен
Работа завершена: 19.11.01 11:07:00
********************************************************************************
Управляющее программное обеспечение персонализации РИК
Начало работы :19.11.01 11:07:04
Оператор -  Administrator
Режим: Основной
Подача: Автоматическая
Подготовили переделку документа: Без уч.SN
Имя файла задания: 2B508AC3.prd
Оператор -  Тарасов Андрей Юрьевич
Режим: Основной
Подача: Автоматическая
Смена режимов работы на:
Режим: Переделка
Подача: Автоматическая
Тестирование комплекса прошло успешно
Анализ заданий
Оператору доступны задания
2B508AC3.prd
Персонализация документа: Без уч.SN
Файл протокола персоналиации :F:\Work_d1\Упо для Б ver 2\Jobs\EltronLog\ReBuild.dat
Работа завершена: 19.11.01 11:08:36
********************************************************************************
Управляющее программное обеспечение персонализации РИК
Начало работы :19.11.01 11:29:35
Оператор -  Тарасов Андрей Юрьевич
Режим: Основной
Подача: Автоматическая
Тестирование комплекса прошло успешно
Анализ заданий
Оператору доступны задания
2B508AC3.SPR
Работа завершена: 19.11.01 11:29:58
********************************************************************************
Управляющее программное обеспечение персонализации РИК
Начало работы :19.11.01 12:35:23
Оператор -  Тарасов Андрей Юрьевич
Режим: Основной
Подача: Автоматическая
Тестирование комплекса прошло успешно
Анализ заданий
Оператору доступны задания
2B508AC3.SPR
Работа завершена: 19.11.01 12:35:44
********************************************************************************
Управляющее программное обеспечение персонализации РИК
Начало работы :19.11.01 12:35:49
Оператор -  Тарасов Андрей Юрьевич
Режим: Основной
Подача: Автоматическая
Тестирование комплекса прошло успешно
Анализ заданий
Оператору доступны задания
2B508AC3.SPR
Работа завершена: 19.11.01 12:36:13
********************************************************************************
Управляющее программное обеспечение персонализации РИК
Начало работы :19.11.01 13:09:39
Оператор -  Тарасов Андрей Юрьевич
Режим: Основной
Подача: Автоматическая
Работа завершена: 19.11.01 13:09:48
********************************************************************************
Управляющее программное обеспечение персонализации РИК
Начало работы :19.11.01 13:11:59
Оператор -  Administrator
Режим: Основной
Подача: Автоматическая
Удалили документ: Без уч.SN
Имя файла задания: 2B508AC3.prd
Работа завершена: 19.11.01 13:12:16
********************************************************************************
Управляющее программное обеспечение персонализации РИК
Начало работы :19.11.01 13:13:12
Работа завершена: 19.11.01 13:13:17
********************************************************************************
Управляющее программное обеспечение персонализации РИК
Начало работы :19.11.01 13:37:00
Работа завершена: 19.11.01 13:37:04
********************************************************************************
Управляющее программное обеспечение персонализации РИК
Начало работы :26.11.01 16:29:15
Оператор -  Тарасов Андрей Юрьевич
Режим: Основной
Подача: Автоматическая
Тестирование комплекса прошло успешно
Анализ заданий
Оператору доступны задания
2B6F58FD.SPR
Персонализация документа: OCK-2-01
Файл протокола персоналиации :F:\Work_d1\Упо для Б ver 2\Jobs\EltronLog\36904987.dat
Процесс персонализации карт завершен
Работа завершена: 26.11.01 16:33:55
********************************************************************************
Управляющее программное обеспечение персонализации РИК
Начало работы :28.11.01 15:30:23
Оператор -  Тарасов Андрей Юрьевич
Режим: Основной
Подача: Автоматическая
Тестирование комплекса прошло успешно
Работа завершена: 28.11.01 15:31:01
********************************************************************************
Управляющее программное обеспечение персонализации РИК
Начало работы :28.11.01 16:34:27
Оператор -  Тарасов Андрей Юрьевич
Режим: Основной
Подача: Автоматическая
Тестирование комплекса прошло успешно
Работа завершена: 28.11.01 16:35:21
********************************************************************************
Управляющее программное обеспечение персонализации РИК
Начало работы :28.11.01 16:36:39
Оператор -  Тарасов Андрей Юрьевич
Режим: Основной
Подача: Автоматическая
Тестирование комплекса прошло успешно
Работа завершена: 28.11.01 16:37:09
********************************************************************************
Управляющее программное обеспечение персонализации РИК
Начало работы :28.11.01 16:45:14
Оператор -  Тарасов Андрей Юрьевич
Режим: Основной
Подача: Автоматическая
Тестирование комплекса прошло успешно
Работа завершена: 28.11.01 16:47:11
********************************************************************************
Управляющее программное обеспечение персонализации РИК
Начало работы :29.11.01 10:33:40
Оператор -  Тарасов Андрей Юрьевич
Режим: Основной
Подача: Автоматическая
Тестирование комплекса прошло успешно
Анализ заданий
Оператору доступны задания
2B6F58FD.SPR
Персонализация документа: OCK-2-01
Файл протокола персоналиации :F:\Work_d1\Упо для Б ver 2\Jobs\EltronLog\23976EC2.dat
Процесс персонализации карт завершен
Работа завершена: 29.11.01 10:36:46
********************************************************************************
Управляющее программное обеспечение персонализации РИК
Начало работы :29.11.01 10:44:27
Оператор -  Тарасов Андрей Юрьевич
Режим: Основной
Подача: Автоматическая
Тестирование комплекса прошло успешно
Анализ заданий
Оператору доступны задания
2B6F58FD.SPR
Персонализация документа: OCK-2-01
Файл протокола персоналиации :F:\Work_d1\Упо для Б ver 2\Jobs\EltronLog\3B2C88C7.dat
Процесс персонализации карт завершен
Работа завершена: 29.11.01 10:45:36
********************************************************************************
Управляющее программное обеспечение персонализации РИК
Начало работы :29.11.01 10:49:19
Оператор -  Тарасов Андрей Юрьевич
Режим: Основной
Подача: Автоматическая
Тестирование комплекса прошло успешно
Анализ заданий
Оператору доступны задания
2B6F58FD.SPR
Персонализация документа: OCK-2-01
Файл протокола персоналиации :F:\Work_d1\Упо для Б ver 2\Jobs\EltronLog\73D6ED23.dat
Процесс персонализации карт завершен
Работа завершена: 29.11.01 10:50:50
********************************************************************************
Управляющее программное обеспечение персонализации РИК
Начало работы :29.11.01 11:13:49
Оператор -  Тарасов Андрей Юрьевич
Режим: Основной
Подача: Автоматическая
Тестирование комплекса прошло успешно
Анализ заданий
Оператору доступны задания
2B6F58FD.SPR
Персонализация документа: OCK-2-01
Файл протокола персоналиации :F:\Work_d1\Упо для Б ver 2\Jobs\EltronLog\76187116.dat
Процесс персонализации карт завершен
Работа завершена: 29.11.01 11:15:10
********************************************************************************
Управляющее программное обеспечение персонализации РИК
Начало работы :29.11.01 11:55:02
Оператор -  Тарасов Андрей Юрьевич
Режим: Основной
Подача: Автоматическая
Тестирование комплекса прошло успешно
Анализ заданий
Оператору доступны задания
2B6F58FD.SPR
Персонализация документа: OCK-2-01
Персонализация документа: OCK-2-01
Процесс прерван оператором.
Работа завершена: 29.11.01 11:56:11
********************************************************************************
Управляющее программное обеспечение персонализации РИК
Начало работы :29.11.01 12:30:52
Оператор -  Тарасов Андрей Юрьевич
Режим: Основной
Подача: Автоматическая
Тестирование комплекса прошло успешно
Анализ заданий
Оператору доступны задания
2B6F58FD.SPR
Персонализация документа: OCK-2-01
Файл протокола персоналиации :F:\Work_d1\Упо для Б ver 2\Jobs\EltronLog\6FAB252B.dat
Процесс персонализации карт завершен
Работа завершена: 29.11.01 12:31:36
********************************************************************************
Управляющее программное обеспечение персонализации РИК
Начало работы :29.11.01 12:33:14
Оператор -  Тарасов Андрей Юрьевич
Режим: Основной
Подача: Автоматическая
Тестирование комплекса прошло успешно
Анализ заданий
Оператору доступны задания
2B6F58FD.SPR
Персонализация документа: OCK-2-01
Файл протокола персоналиации :F:\Work_d1\Упо для Б ver 2\Jobs\EltronLog\1BAA3EE1.dat
Процесс персонализации карт завершен
Работа завершена: 29.11.01 12:34:41
********************************************************************************
Управляющее программное обеспечение персонализации РИК
Начало работы :29.11.01 12:37:01
Оператор -  Тарасов Андрей Юрьевич
Режим: Основной
Подача: Автоматическая
Тестирование комплекса прошло успешно
Анализ заданий
Оператору доступны задания
2B6F58FD.SPR
2B508AC3.SPR
Персонализация документа: Без уч.SN
Файл протокола персоналиации :F:\Work_d1\Упо для Б ver 2\Jobs\EltronLog\202A20C5.dat
Процесс персонализации карт завершен
Работа завершена: 29.11.01 12:37:56
********************************************************************************
Управляющее программное обеспечение персонализации РИК
Начало работы :29.11.01 14:38:05
Оператор -  Administrator
Режим: Основной
Подача: Автоматическая
Подготовили переделку документа: Без уч.SN
Имя файла задания: 2B508AC3.prd
Оператор -  Тарасов Андрей Юрьевич
Режим: Основной
Подача: Автоматическая
Тестирование комплекса прошло успешно
Анализ заданий
Работа завершена: 29.11.01 14:39:50
********************************************************************************
Управляющее программное обеспечение персонализации РИК
Начало работы :29.11.01 14:39:52
Оператор -  Тарасов Андрей Юрьевич
Режим: Основной
Подача: Автоматическая
Смена режимов работы на:
Режим: Переделка
Подача: Автоматическая
Тестирование комплекса прошло успешно
Анализ заданий
Оператору доступны задания
2B508AC3.prd
Персонализация документа: Без уч.SN
Файл протокола персоналиации :F:\Work_d1\Упо для Б ver 2\Jobs\EltronLog\ReBuild.dat
Персонализация документа: Без уч.SN
Файл протокола персоналиации :F:\Work_d1\Упо для Б ver 2\Jobs\EltronLog\ReBuild.dat
Работа завершена: 29.11.01 15:16:17
********************************************************************************
Управляющее программное обеспечение персонализации РИК
Начало работы :30.11.01 9:25:50
Оператор -  Тарасов Андрей Юрьевич
Режим: Основной
Подача: Автоматическая
Тестирование комплекса прошло успешно
Анализ заданий
Оператору доступны задания
2B6F58FD.SPR
2B508AC3.SPR
Персонализация документа: OCK-2-01
Файл протокола персоналиации :F:\Work_d1\Упо для Б ver 2\Jobs\EltronLog\38B726A1.dat
Процесс персонализации карт завершен
Работа завершена: 30.11.01 9:30:14
********************************************************************************
Управляющее программное обеспечение персонализации РИК
Начало работы :30.11.01 9:30:16
Оператор -  Тарасов Андрей Юрьевич
Режим: Основной
Подача: Автоматическая
Смена режимов работы на:
Режим: Переделка
Подача: Автоматическая
Тестирование комплекса прошло успешно
Анализ заданий
Оператору доступны задания
2B508AC3.prd
Персонализация документа: Без уч.SN
Файл протокола персоналиации :F:\Work_d1\Упо для Б ver 2\Jobs\EltronLog\ReBuild.dat
Работа завершена: 30.11.01 9:31:30
********************************************************************************
Управляющее программное обеспечение персонализации РИК
Начало работы :30.11.01 9:31:51
Оператор -  Тарасов Андрей Юрьевич
Режим: Основной
Подача: Автоматическая
Тестирование комплекса прошло успешно
Работа завершена: 30.11.01 9:35:32
********************************************************************************
Управляющее программное обеспечение персонализации РИК
Начало работы :13.12.01 14:01:37
Работа завершена: 13.12.01 14:01:41
********************************************************************************
Управляющее программное обеспечение персонализации РИК
Начало работы :13.12.01 17:43:10
Работа завершена: 13.12.01 17:43:19
********************************************************************************
Управляющее программное обеспечение персонализации РИК
Начало работы :22.04.02 14:43:58
Работа завершена: 22.04.02 14:46:38
********************************************************************************
Управляющее программное обеспечение персонализации РИК
Начало работы :22.04.02 14:48:49
Оператор -  Тарасов Андрей Юрьевич
Режим: Основной
Подача: Автоматическая
Смена режимов работы на:
Режим: Основной
Подача: Автоматическая
Тестирование комплекса прошло успешно
Анализ заданий
Оператору доступны задания
2B6F58FD.SPR
2B508AC3.SPR
Работа завершена: 22.04.02 15:04:19
********************************************************************************
Управляющее программное обеспечение персонализации РИК
Начало работы :22.04.02 15:04:23
Оператор -  Тарасов Андрей Юрьевич
Режим: Основной
Подача: Автоматическая
Смена режимов работы на:
Режим: Основной
Подача: Автоматическая
Смена режимов работы на:
Режим: Основной
Подача: Ручная
Тестирование комплекса прошло успешно
Работа завершена: 22.04.02 15:06:27
********************************************************************************
Управляющее программное обеспечение персонализации РИК
Начало работы :03.07.02 17:41:01
Оператор -  Тарасов Андрей Юрьевич
Режим: Основной
Подача: Автоматическая
Тестирование комплекса прошло успешно
Анализ заданий
Оператору доступны задания
2B6F58FD.SPR
2B508AC3.SPR
Работа завершена: 03.07.02 17:43:19
********************************************************************************
Управляющее программное обеспечение персонализации РИК
Начало работы :06.08.02 13:44:31
Оператор -  Тарасов Андрей Юрьевич
Режим: Основной
Подача: Автоматическая
Тестирование комплекса прошло успешно
Тестирование карт бывших в употреблениии
Успешно протестированных карт: 36
Бракованных карт: 5
Работа завершена: 06.08.02 13:49:27
********************************************************************************
Управляющее программное обеспечение персонализации РИК
Начало работы :06.08.02 15:57:54
Оператор -  Тарасов Андрей Юрьевич
Режим: Основной
Подача: Автоматическая
Тестирование комплекса прошло успешно
Работа завершена: 06.08.02 16:13:50
********************************************************************************
Управляющее программное обеспечение персонализации РИК
Начало работы :13.05.2003 15:31:19
Оператор -  Тарасов Андрей Юрьевич
Режим: Основной
Подача: Автоматическая
Работа завершена: 13.05.2003 15:32:47
********************************************************************************
Управляющее программное обеспечение персонализации РИК
Начало работы :13.05.03 15:53:47
Оператор -  Administrator
Режим: Основной
Подача: Автоматическая
Оператор -  Тарасов Андрей Юрьевич
Режим: Основной
Подача: Автоматическая
Тестирование комплекса прошло успешно
Работа завершена: 13.05.03 15:55:21
********************************************************************************
Управляющее программное обеспечение персонализации РИК
Начало работы :13.05.03 15:55:24
Оператор -  Тарасов Андрей Юрьевич
Режим: Основной
Подача: Автоматическая
Смена режимов работы на:
Режим: Основной
Подача: Ручная
Смена режимов работы на:
Режим: Основной
Подача: Автоматическая
Смена режимов работы на:
Режим: Основной
Подача: Ручная
Смена режимов работы на:
Режим: Основной
Подача: Автоматическая
Работа завершена: 13.05.03 15:57:24
********************************************************************************
Управляющее программное обеспечение персонализации РИК
Начало работы :13.05.03 16:30:00
Оператор -  Тарасов Андрей Юрьевич
Режим: Основной
Подача: Автоматическая
Смена режимов работы на:
Режим: Основной
Подача: Автоматическая
УПО персонализации РИК - 2
Смена режимов работы на:
Режим: Основной
Подача: Автоматическая
УПО персонализации РИК - 1
Работа завершена: 13.05.03 16:31:34
********************************************************************************
Управляющее программное обеспечение персонализации РИК
Начало работы :13.05.03 16:46:59
Работа завершена: 13.05.03 16:47:04
********************************************************************************
Управляющее программное обеспечение персонализации РИК
Начало работы :13.05.03 16:47:33
Работа завершена: 13.05.03 16:47:40
********************************************************************************
Управляющее программное обеспечение персонализации РИК
Начало работы :13.05.03 16:53:18
Оператор -  Тарасов Андрей Юрьевич
Режим: Основной
Подача: Автоматическая
Смена режимов работы на:
Режим: Основной
Подача: Автоматическая
УПО персонализации РИК - 2
Тестирование комплекса прошло успешно
Работа завершена: 13.05.03 16:53:37
********************************************************************************
Управляющее программное обеспечение персонализации РИК
Начало работы :13.05.03 16:55:16
Оператор -  Тарасов Андрей Юрьевич
Режим: Основной
Подача: Автоматическая
Смена режимов работы на:
Режим: Основной
Подача: Автоматическая
УПО персонализации РИК - 2
Ошибка в работе оборудования: Ошибка при подачи питания
Работа завершена: 13.05.03 16:57:20
********************************************************************************
Управляющее программное обеспечение персонализации РИК
Начало работы :13.05.03 16:57:22
Оператор -  Тарасов Андрей Юрьевич
Режим: Основной
Подача: Автоматическая
Смена режимов работы на:
Режим: Основной
Подача: Автоматическая
УПО персонализации РИК - 2
Ошибка в работе оборудования: Ошибка во время чтения данных с карты 
Работа завершена: 13.05.03 16:58:35
********************************************************************************
Управляющее программное обеспечение персонализации РИК
Начало работы :13.05.03 17:07:49
Оператор -  Тарасов Андрей Юрьевич
Режим: Основной
Подача: Автоматическая
Смена режимов работы на:
Режим: Основной
Подача: Автоматическая
УПО персонализации РИК - 2
Ошибка в работе оборудования: Ошибка при подачи питания
Тестирование комплекса прошло успешно
Анализ заданий
Оператору доступны задания
2B6F58FD.SPR
2B508AC3.SPR
Работа завершена: 13.05.03 17:12:35
********************************************************************************
Управляющее программное обеспечение персонализации РИК
Начало работы :13.05.03 17:33:39
Работа завершена: 13.05.03 17:33:43
********************************************************************************
Управляющее программное обеспечение персонализации РИК
Начало работы :13.05.03 18:14:01
Работа завершена: 13.05.03 18:14:11
********************************************************************************
Управляющее программное обеспечение персонализации РИК
Начало работы :13.05.03 18:15:27
Работа завершена: 13.05.03 18:15:32
********************************************************************************
Управляющее программное обеспечение персонализации РИК
Начало работы :13.05.2003 19:04:01
Работа завершена: 13.05.2003 19:04:11
********************************************************************************
Управляющее программное обеспечение персонализации РИК
Начало работы :13.05.2003 19:09:58
Оператор -  Тарасов Андрей Юрьевич
Режим: Основной
Подача: Автоматическая
Работа завершена: 13.05.2003 19:10:26
********************************************************************************
Управляющее программное обеспечение персонализации РИК
Начало работы :21.05.2003 11:17:33
Оператор -  Тарасов Андрей Юрьевич
Режим: Основной
Подача: Автоматическая
Работа завершена: 21.05.2003 11:22:27
********************************************************************************
Управляющее программное обеспечение персонализации РИК
Начало работы :22.05.03 9:49:33
Оператор -  Тарасов Андрей Юрьевич
Режим: Основной
Подача: Автоматическая
Смена режимов работы на:
Режим: Основной
Подача: Автоматическая
УПО персонализации РИК - 2
Тестирование комплекса прошло успешно
Анализ заданий
Оператору доступны задания
2B6F58FD.SPR
2B508AC3.SPR
2EB56769.SPR
Персонализация документа: ЖCK-2-01
Процесс прерван оператором.
Файл протокола персоналиации :F:\Work_d1\Упо для Б ver 2\Jobs\EltronLog\6F9239E.dat
Процесс персонализации карт завершен
Работа завершена: 22.05.03 9:57:27
********************************************************************************
Управляющее программное обеспечение персонализации РИК
Начало работы :22.05.03 10:16:26
Работа завершена: 22.05.03 10:16:37
********************************************************************************
Управляющее программное обеспечение персонализации РИК
Начало работы :22.05.03 10:20:03
Оператор -  Тарасов Андрей Юрьевич
Режим: Основной
Подача: Автоматическая
Тестирование комплекса прошло успешно
Анализ заданий
Оператору доступны задания
2B6F58FD.SPR
2B508AC3.SPR
2EB56769.SPR
Персонализация документа: ЖCK-2-01
Работа завершена: 22.05.03 10:20:37
********************************************************************************
Управляющее программное обеспечение персонализации РИК
Начало работы :22.05.03 10:31:09
Оператор -  Тарасов Андрей Юрьевич
Режим: Основной
Подача: Автоматическая
Смена режимов работы на:
Режим: Основной
Подача: Автоматическая
УПО персонализации РИК - 2
Тестирование комплекса прошло успешно
Анализ заданий
Оператору доступны задания
2B6F58FD.SPR
2B508AC3.SPR
2EB56769.SPR
Персонализация документа: ЖCK-2-01
Файл протокола персоналиации :F:\Work_d1\Упо для Б ver 2\Jobs\EltronLog\4BB4557E.dat
Процесс персонализации карт завершен
Работа завершена: 22.05.03 10:35:06
********************************************************************************
Управляющее программное обеспечение персонализации РИК
Начало работы :22.05.03 10:45:24
Работа завершена: 22.05.03 10:45:44
********************************************************************************
Управляющее программное обеспечение персонализации РИК
Начало работы :22.05.03 10:45:50
Оператор -  Тарасов Андрей Юрьевич
Режим: Основной
Подача: Автоматическая
Смена режимов работы на:
Режим: Основной
Подача: Автоматическая
УПО персонализации РИК - 2
Тестирование комплекса прошло успешно
Чтение серийных номеров в файл: 2531D1C3.s_n
Процесс прерван оператором.
Успешно записанных серийных номеров: 2
Бракованных карт: 0
Тестирование карт бывших в употреблениии
Процесс прерван оператором.
Успешно протестированных карт: 0
Бракованных карт: 4
Работа завершена: 22.05.03 10:52:44
********************************************************************************
Управляющее программное обеспечение персонализации РИК
Начало работы :22.05.03 10:58:20
Оператор -  Тарасов Андрей Юрьевич
Режим: Основной
Подача: Автоматическая
Смена режимов работы на:
Режим: Основной
Подача: Автоматическая
УПО персонализации РИК - 2
Тестирование комплекса прошло успешно
Тестирование карт бывших в употреблениии
Процесс прерван оператором.
Успешно протестированных карт: 2
Бракованных карт: 0
Печать серийных номеров
Процесс прерван оператором.
Успешно отпечатанных серийных номеров: 1
Бракованных карт: 0
Работа завершена: 22.05.03 11:01:15
********************************************************************************
Управляющее программное обеспечение персонализации РИК
Начало работы :22.05.03 11:17:49
Оператор -  Тарасов Андрей Юрьевич
Режим: Основной
Подача: Автоматическая
Смена режимов работы на:
Режим: Основной
Подача: Автоматическая
УПО персонализации РИК - 2
Тестирование комплекса прошло успешно
Анализ заданий
Оператору доступны задания
2B6F58FD.SPR
Работа завершена: 22.05.03 11:19:08
********************************************************************************
Управляющее программное обеспечение персонализации РИК
Начало работы :22.05.03 11:22:22
Оператор -  Тарасов Андрей Юрьевич
Режим: Основной
Подача: Автоматическая
Смена режимов работы на:
Режим: Основной
Подача: Автоматическая
УПО персонализации РИК - 2
Тестирование комплекса прошло успешно
Анализ заданий
Оператору доступны задания
2B6F58FD.SPR
2B508AC3.SPR
2EB56769.SPR
Работа завершена: 22.05.03 11:22:57
********************************************************************************
Управляющее программное обеспечение персонализации РИК
Начало работы :22.05.03 11:23:55
Оператор -  Тарасов Андрей Юрьевич
Режим: Основной
Подача: Автоматическая
Смена режимов работы на:
Режим: Основной
Подача: Автоматическая
УПО персонализации РИК - 2
Тестирование комплекса прошло успешно
Анализ заданий
Оператору доступны задания
2B6F58FD.SPR
2B508AC3.SPR
2EB56769.SPR
Персонализация документа: ЖCK-2-01
Файл протокола персоналиации :F:\Work_d1\Упо для Б ver 2\Jobs\EltronLog\618DFE74.dat
Процесс персонализации карт завершен
Работа завершена: 22.05.03 11:26:52
********************************************************************************
Управляющее программное обеспечение персонализации РИК
Начало работы :22.05.03 11:27:20
Работа завершена: 22.05.03 11:27:25
********************************************************************************
Управляющее программное обеспечение персонализации РИК
Начало работы :29.07.03 14:23:26
Оператор -  Тарасов Андрей Юрьевич
Режим: Основной
Подача: Автоматическая
Смена режимов работы на:
Режим: Основной
Подача: Автоматическая
УПО персонализации РИК - 2
Работа завершена: 29.07.03 14:24:33
********************************************************************************
Управляющее программное обеспечение персонализации РИК
Начало работы :29.07.03 14:24:35
Оператор -  Тарасов Андрей Юрьевич
Режим: Основной
Подача: Автоматическая
Смена режимов работы на:
Режим: Основной
Подача: Автоматическая
УПО персонализации РИК - 2
Тестирование комплекса прошло успешно
Анализ заданий
Оператору доступны задания
2B6F58FD.SPR
2B508AC3.SPR
2EB56769.SPR
2B508AC3.prd
2EFC8717.SPR
Персонализация документа: ЖСК-2-
Ошибка: Два буфера не равны (парам. равенство)
Работа завершена: 29.07.03 14:29:28
********************************************************************************
Управляющее программное обеспечение персонализации РИК
Начало работы :29.07.03 14:33:42
Работа завершена: 29.07.03 14:33:47
********************************************************************************
Управляющее программное обеспечение персонализации РИК
Начало работы :29.07.03 14:34:28
Оператор -  Тарасов Андрей Юрьевич
Режим: Основной
Подача: Автоматическая
Тестирование комплекса прошло успешно
Анализ заданий
Оператору доступны задания
2B6F58FD.SPR
2B508AC3.SPR
2EB56769.SPR
2EFC8717.SPR
2B508AC3.prd
Персонализация документа: ЖСК-2-
Ошибка работы с буфером данных скрипта -Чтение за границей буфера
Работа завершена: 29.07.03 14:44:24
********************************************************************************
Управляющее программное обеспечение персонализации РИК
Начало работы :29.07.03 14:45:38
Оператор -  Тарасов Андрей Юрьевич
Режим: Основной
Подача: Автоматическая
Тестирование комплекса прошло успешно
Анализ заданий
Оператору доступны задания
2B6F58FD.SPR
2B508AC3.SPR
2EB56769.SPR
2EFC8717.SPR
2B508AC3.prd
Персонализация документа: ЖСК-2-
Ошибка: Несоответствие статусов полученного 63C2 и ожидаемого 9000
Работа завершена: 29.07.03 15:04:08
********************************************************************************
Управляющее программное обеспечение персонализации РИК
Начало работы :31.07.03 11:41:57
Оператор -  Тарасов Андрей Юрьевич
Режим: Основной
Подача: Автоматическая
Тестирование комплекса прошло успешно
Анализ заданий
Оператору доступны задания
2EFE69E8.SPR
Персонализация документа: ЖСК-2-
Работа завершена: 31.07.03 11:42:55
********************************************************************************
Управляющее программное обеспечение персонализации РИК
Начало работы :31.07.03 11:43:50
Оператор -  Тарасов Андрей Юрьевич
Режим: Основной
Подача: Автоматическая
Тестирование комплекса прошло успешно
Анализ заданий
Оператору доступны задания
2EFE69E8.SPR
Персонализация документа: ЖСК-2-
Ошибка: Несоответствие статусов полученного 6A83 и ожидаемого 9000
Работа завершена: 31.07.03 11:52:52
********************************************************************************
Управляющее программное обеспечение персонализации РИК
Начало работы :31.07.03 11:52:54
Оператор -  Тарасов Андрей Юрьевич
Режим: Основной
Подача: Автоматическая
Тестирование комплекса прошло успешно
Анализ заданий
Оператору доступны задания
2EFE69E8.SPR
Персонализация документа: ЖСК-2-
Ошибка работы с буфером данных скрипта -Чтение за границей буфера
Работа завершена: 31.07.03 11:54:28
********************************************************************************
Управляющее программное обеспечение персонализации РИК
Начало работы :31.07.03 11:54:36
Оператор -  Тарасов Андрей Юрьевич
Режим: Основной
Подача: Автоматическая
Тестирование комплекса прошло успешно
Анализ заданий
Оператору доступны задания
2EFE69E8.SPR
Персонализация документа: ЖСК-2-
Ошибка: Несоответствие статусов полученного 6A83 и ожидаемого 9000
Работа завершена: 31.07.03 11:56:40
********************************************************************************
Управляющее программное обеспечение персонализации РИК
Начало работы :01.08.03 16:33:57
Оператор -  Тарасов Андрей Юрьевич
Режим: Основной
Подача: Автоматическая
Тестирование комплекса прошло успешно
Анализ заданий
Оператору доступны задания
2EFE69E8.SPR
Персонализация документа: ЖСК-2-
Ошибка: Несоответствие статусов полученного 6982 и ожидаемого 9000
Работа завершена: 01.08.03 16:34:36
********************************************************************************
Управляющее программное обеспечение персонализации РИК
Начало работы :01.08.03 16:35:04
Оператор -  Тарасов Андрей Юрьевич
Режим: Основной
Подача: Автоматическая
Тестирование комплекса прошло успешно
Анализ заданий
Оператору доступны задания
2EFE69E8.SPR
Персонализация документа: ЖСК-2-
Ошибка: Несоответствие статусов полученного 6A83 и ожидаемого 9000
Работа завершена: 01.08.03 16:37:06
********************************************************************************
Управляющее программное обеспечение персонализации РИК
Начало работы :01.08.03 16:41:03
Оператор -  Тарасов Андрей Юрьевич
Режим: Основной
Подача: Автоматическая
Смена режимов работы на:
Режим: Основной
Подача: Ручная
УПО персонализации РИК - 2
Тестирование комплекса прошло успешно
Анализ заданий
Оператору доступны задания
2EFE69E8.SPR
Персонализация документа: ЖСК-2-
Ошибка: Несоответствие статусов полученного 6982 и ожидаемого 9000
Работа завершена: 01.08.03 16:49:52
********************************************************************************
Управляющее программное обеспечение персонализации РИК
Начало работы :01.08.03 16:56:00
Оператор -  Тарасов Андрей Юрьевич
Режим: Основной
Подача: Автоматическая
Тестирование комплекса прошло успешно
Работа завершена: 01.08.03 16:56:11
********************************************************************************
Управляющее программное обеспечение персонализации РИК
Начало работы :01.08.03 16:56:13
Оператор -  Тарасов Андрей Юрьевич
Режим: Основной
Подача: Автоматическая
Смена режимов работы на:
Режим: Основной
Подача: Ручная
УПО персонализации РИК - 2
Тестирование комплекса прошло успешно
Анализ заданий
Оператору доступны задания
2EFE69E8.SPR
Персонализация документа: ЖСК-2-
Ошибка: Несоответствие статусов полученного 6982 и ожидаемого 9000
Работа завершена: 01.08.03 17:06:23
********************************************************************************
Управляющее программное обеспечение персонализации РИК
Начало работы :01.08.03 18:29:15
Оператор -  Тарасов Андрей Юрьевич
Режим: Основной
Подача: Автоматическая
Смена режимов работы на:
Режим: Основной
Подача: Ручная
УПО персонализации РИК - 1
Тестирование комплекса прошло успешно
Анализ заданий
Оператору доступны задания
2EFE69E8.SPR
Персонализация документа: ЖСК-2-
Работа завершена: 01.08.03 18:37:24
********************************************************************************
Управляющее программное обеспечение персонализации РИК
Начало работы :12.08.03 10:28:53
Оператор -  Тарасов Андрей Юрьевич
Режим: Основной
Подача: Автоматическая
Смена режимов работы на:
Режим: Основной
Подача: Автоматическая
УПО персонализации РИК - 2
Тестирование комплекса прошло успешно
Анализ заданий
Оператору доступны задания
2F0B82A7.SPR
2F0B82BA.SPR
Персонализация документа: ЖСК-2-
Работа завершена: 12.08.03 10:30:36
********************************************************************************
Управляющее программное обеспечение персонализации РИК
Начало работы :13.08.03 15:10:54
Оператор -  Тарасов Андрей Юрьевич
Режим: Основной
Подача: Автоматическая
Смена режимов работы на:
Режим: Основной
Подача: Автоматическая
УПО персонализации РИК - 2
Тестирование комплекса прошло успешно
Анализ заданий
Оператору доступны задания
2F0D6522.SPR
2F0D652E.SPR
Персонализация документа: ЖСК-2-
Работа завершена: 13.08.03 15:12:46
********************************************************************************
Управляющее программное обеспечение персонализации РИК
Начало работы :14.08.03 15:06:33
Оператор -  Тарасов Андрей Юрьевич
Режим: Основной
Подача: Автоматическая
Смена режимов работы на:
Режим: Основной
Подача: Автоматическая
УПО персонализации РИК - 2
Тестирование комплекса прошло успешно
Анализ заданий
Оператору доступны задания
2F0E6313.SPR
2F0E631C.SPR
Персонализация документа: ЖСК-2-
Работа завершена: 14.08.03 15:08:17
********************************************************************************
Управляющее программное обеспечение персонализации РИК
Начало работы :14.08.03 18:10:36
Оператор -  Тарасов Андрей Юрьевич
Режим: Основной
Подача: Автоматическая
Смена режимов работы на:
Режим: Основной
Подача: Автоматическая
УПО персонализации РИК - 2
Тестирование комплекса прошло успешно
Анализ заданий
Оператору доступны задания
2F0E6362.SPR
Персонализация документа: ЖСК-2-
Файл протокола персоналиации :F:\Work_d1\Упо для Б ver 2\Jobs\EltronLog\7D3E548E.dat
Процесс персонализации карт завершен
Работа завершена: 14.08.03 18:17:44
********************************************************************************
Управляющее программное обеспечение персонализации РИК
Начало работы :14.08.03 18:19:53
Оператор -  Тарасов Андрей Юрьевич
Режим: Основной
Подача: Автоматическая
Тестирование комплекса прошло успешно
Анализ заданий
Оператору доступны задания
2F0E6362.SPR
2F0E6191.SPR
Персонализация документа: OCK-2-01
Файл протокола персоналиации :F:\Work_d1\Упо для Б ver 2\Jobs\EltronLog\74404A8E.dat
Процесс персонализации карт завершен
Работа завершена: 14.08.03 18:22:00
********************************************************************************
Управляющее программное обеспечение персонализации РИК
Начало работы :15.08.03 15:40:26
Оператор -  Тарасов Андрей Юрьевич
Режим: Основной
Подача: Автоматическая
Смена режимов работы на:
Режим: Основной
Подача: Автоматическая
УПО персонализации РИК - 1
Тестирование комплекса прошло успешно
Анализ заданий
Оператору доступны задания
2F0F69CD.SPR
Персонализация документа: OCK-2-01
Файл протокола персоналиации :F:\Work_d1\Упо для Б ver 2\Jobs\EltronLog\58A39480.dat
Процесс персонализации карт завершен
Работа завершена: 15.08.03 15:42:43
********************************************************************************
Управляющее программное обеспечение персонализации РИК
Начало работы :19.09.2003 14:37:52
Работа завершена: 19.09.2003 14:39:09
********************************************************************************
Управляющее программное обеспечение персонализации РИК
Начало работы :19.09.2003 14:39:18
Работа завершена: 19.09.2003 14:39:35
********************************************************************************
Управляющее программное обеспечение персонализации РИК
Начало работы :19.09.2003 14:39:42
Работа завершена: 19.09.2003 14:40:02
********************************************************************************
Управляющее программное обеспечение персонализации РИК
Начало работы :15.12.2003 17:00:15
Оператор -  Тарасов Андрей Юрьевич
Режим: Основной
Подача: Автоматическая
Тестирование комплекса прошло успешно
Анализ заданий
Оператору доступны задания
2F0F69CD.SPR
Работа завершена: 15.12.2003 17:03:01
********************************************************************************
Управляющее программное обеспечение персонализации РИК
Начало работы :15.12.2003 17:04:07
Оператор -  Administrator
Режим: Основной
Подача: Автоматическая
Работа завершена: 15.12.2003 17:05:16
********************************************************************************
Управляющее программное обеспечение персонализации РИК
Начало работы :22.12.2003 17:45:26
Оператор -  Тарасов Андрей Юрьевич
Режим: Основной
Подача: Автоматическая
Тестирование комплекса прошло успешно
Работа завершена: 22.12.2003 17:47:15
********************************************************************************
Управляющее программное обеспечение персонализации РИК
Начало работы :23.12.03 9:04:28
Оператор -  Тарасов Андрей Юрьевич
Режим: Основной
Подача: Автоматическая
Смена режимов работы на:
Режим: Переделка
Подача: Ручная
УПО персонализации РИК - 1
Тестирование комплекса прошло успешно
Анализ заданий
Оператору доступны задания
Работа завершена: 23.12.03 9:05:13
********************************************************************************
Управляющее программное обеспечение персонализации РИК
Начало работы :23.12.03 9:05:15
Оператор -  Administrator
Режим: Основной
Подача: Автоматическая
Удалили документ: OCK-2-01
Имя файла задания: 2F0F69CD.PRD
Подготовили переделку документа: OCK-2-01
Имя файла задания: 2F0F69CD.prd
Оператор -  Тарасов Андрей Юрьевич
Режим: Основной
Подача: Автоматическая
Смена режимов работы на:
Режим: Переделка
Подача: Ручная
УПО персонализации РИК - 1
Тестирование комплекса прошло успешно
Анализ заданий
Оператору доступны задания
2F0F69CD.prd
Персонализация документа: OCK-2-01
Ошибка: Несоответствие статусов полученного 6A84 и ожидаемого 9000
Персонализация документа: OCK-2-01
Работа завершена: 23.12.03 9:15:55
********************************************************************************
Управляющее программное обеспечение персонализации РИК
Начало работы :23.12.03 9:15:58
Оператор -  Тарасов Андрей Юрьевич
Режим: Основной
Подача: Автоматическая
Смена режимов работы на:
Режим: Переделка
Подача: Ручная
УПО персонализации РИК - 1
Тестирование комплекса прошло успешно
Анализ заданий
Оператору доступны задания
2F0F69CD.prd
Персонализация документа: OCK-2-01
Файл протокола персоналиации :F:\Work_d1\Упо для Б ver 2\Jobs\EltronLog\ReBuild.dat
Работа завершена: 23.12.03 9:30:06
********************************************************************************
Управляющее программное обеспечение персонализации РИК
Начало работы :23.12.03 9:41:47
Оператор -  Тарасов Андрей Юрьевич
Режим: Основной
Подача: Автоматическая
Смена режимов работы на:
Режим: Переделка
Подача: Ручная
УПО персонализации РИК - 1
Тестирование комплекса прошло успешно
Анализ заданий
Оператору доступны задания
2F0F69CD.prd
Персонализация документа: OCK-2-01
Ошибка: Несоответствие статусов полученного 6A84 и ожидаемого 9000
Работа завершена: 23.12.03 16:46:39
********************************************************************************
Управляющее программное обеспечение персонализации РИК
Начало работы :23.12.03 16:54:38
Оператор -  Тарасов Андрей Юрьевич
Режим: Основной
Подача: Автоматическая
Смена режимов работы на:
Режим: Переделка
Подача: Ручная
УПО персонализации РИК - 1
Тестирование комплекса прошло успешно
Анализ заданий
Оператору доступны задания
2F0F69CD.prd
Персонализация документа: OCK-2-01
Файл протокола персоналиации :F:\Work_d1\Упо для Б ver 2\Jobs\EltronLog\ReBuild.dat
Работа завершена: 23.12.03 17:23:11
********************************************************************************
Управляющее программное обеспечение персонализации РИК
Начало работы :23.12.03 17:44:22
Оператор -  Тарасов Андрей Юрьевич
Режим: Основной
Подача: Автоматическая
Смена режимов работы на:
Режим: Переделка
Подача: Ручная
УПО персонализации РИК - 1
Тестирование комплекса прошло успешно
Анализ заданий
Оператору доступны задания
2F0F69CD.prd
Персонализация документа: OCK-2-01
Файл протокола персоналиации :F:\Work_d1\Упо для Б ver 2\Jobs\EltronLog\ReBuild.dat
Работа завершена: 23.12.03 17:45:35
********************************************************************************
Управляющее программное обеспечение персонализации РИК
Начало работы :19.01.2004 14:37:26
Оператор -  Тарасов Андрей Юрьевич
Режим: Основной
Подача: Автоматическая
Тестирование комплекса прошло успешно
Анализ заданий
Оператору доступны задания
2F0F69CD.SPR
Работа завершена: 19.01.2004 14:41:56
********************************************************************************
Управляющее программное обеспечение персонализации РИК
Начало работы :09.02.04 11:07:15
Работа завершена: 09.02.04 11:07:22
********************************************************************************
Управляющее программное обеспечение персонализации РИК
Начало работы :09.02.04 11:18:12
Работа завершена: 09.02.04 11:18:15
********************************************************************************
Управляющее программное обеспечение персонализации РИК
Начало работы :09.02.04 13:07:00
Работа завершена: 09.02.04 13:07:07
********************************************************************************
Управляющее программное обеспечение персонализации РИК
Начало работы :06.07.2004 17:25:15
Оператор -  Тарасов Андрей Юрьевич
Режим: Основной
Подача: Автоматическая
Тестирование комплекса прошло успешно
Анализ заданий
Работа завершена: 06.07.2004 18:16:38
********************************************************************************
Управляющее программное обеспечение персонализации РИК
Начало работы :07.07.2004 9:45:35
Оператор -  Administrator
Режим: Основной
Подача: Автоматическая
Работа завершена: 07.07.2004 9:46:27
********************************************************************************
Управляющее программное обеспечение персонализации РИК
Начало работы :07.07.2004 15:18:50
Оператор -  Тарасов Андрей Юрьевич
Режим: Основной
Подача: Автоматическая
Тестирование комплекса прошло успешно
Работа завершена: 07.07.2004 17:07:37
********************************************************************************
Управляющее программное обеспечение персонализации РИК
Начало работы :09.07.2004 10:16:51
Оператор -  Тарасов Андрей Юрьевич
Режим: Основной
Подача: Автоматическая
Работа завершена: 09.07.2004 10:17:43
********************************************************************************
Управляющее программное обеспечение персонализации РИК
Начало работы :14.10.04 9:47:19
Работа завершена: 14.10.04 9:47:41
********************************************************************************
Управляющее программное обеспечение персонализации РИК
Начало работы :14.10.04 12:45:35
Оператор -  Тарасов Андрей Юрьевич
Режим: Основной
Подача: Автоматическая
Смена режимов работы на:
Режим: Основной
Подача: Автоматическая
УПО персонализации РИК - 2
Тестирование комплекса прошло успешно
Анализ заданий
Оператору доступны задания
20482C41.SPR
20482C45.SPR
314E6202.SPR
Работа завершена: 14.10.04 12:46:32
********************************************************************************
Управляющее программное обеспечение персонализации РИК
Начало работы :14.10.04 13:21:36
Оператор -  Тарасов Андрей Юрьевич
Режим: Основной
Подача: Автоматическая
Смена режимов работы на:
Режим: Основной
Подача: Ручная
УПО персонализации РИК - 2
Тестирование комплекса прошло успешно
Анализ заданий
Оператору доступны задания
314E6920.SPR
20482C41.SPR
Персонализация документа: РАЗМЕТКАРИК2
Работа завершена: 14.10.04 13:22:50
********************************************************************************
Управляющее программное обеспечение персонализации РИК
Начало работы :14.10.04 13:24:38
Оператор -  Тарасов Андрей Юрьевич
Режим: Основной
Подача: Автоматическая
Смена режимов работы на:
Режим: Основной
Подача: Ручная
УПО персонализации РИК - 2
Тестирование комплекса прошло успешно
Анализ заданий
Оператору доступны задания
314E6B00.SPR
Оператору доступны задания
314E6B00.SPR
Работа завершена: 14.10.04 13:25:07
********************************************************************************
Управляющее программное обеспечение персонализации РИК
Начало работы :14.10.04 13:31:17
Оператор -  Тарасов Андрей Юрьевич
Режим: Основной
Подача: Автоматическая
Тестирование комплекса прошло успешно
Анализ заданий
Оператору доступны задания
314E6B00.SPR
Работа завершена: 14.10.04 13:33:20
********************************************************************************
Управляющее программное обеспечение персонализации РИК
Начало работы :14.10.04 13:52:14
Оператор -  Тарасов Андрей Юрьевич
Режим: Основной
Подача: Автоматическая
Смена режимов работы на:
Режим: Основной
Подача: Ручная
УПО персонализации РИК - 2
Тестирование комплекса прошло успешно
Анализ заданий
Оператору доступны задания
314E6B00.SPR
20482C41.SPR
Персонализация документа: РАЗМЕТКАРИК2
Ошибка: Несоответствие статусов полученного 6D00 и ожидаемого 9000
Работа завершена: 14.10.04 13:54:37
********************************************************************************
Управляющее программное обеспечение персонализации РИК
Начало работы :14.10.04 13:58:34
Оператор -  Тарасов Андрей Юрьевич
Режим: Основной
Подача: Автоматическая
Смена режимов работы на:
Режим: Основной
Подача: Ручная
УПО персонализации РИК - 1
Тестирование комплекса прошло успешно
Анализ заданий
Оператору доступны задания
314E6B00.SPR
20482C41.SPR
Персонализация документа: РАЗМЕТКАРИК1
Работа завершена: 14.10.04 14:00:14
********************************************************************************
Управляющее программное обеспечение персонализации РИК
Начало работы :14.10.04 14:17:32
Оператор -  Тарасов Андрей Юрьевич
Режим: Основной
Подача: Автоматическая
Смена режимов работы на:
Режим: Основной
Подача: Ручная
УПО персонализации РИК - 1
Тестирование комплекса прошло успешно
Анализ заданий
Оператору доступны задания
314E6B00.SPR
20482C41.SPR
Персонализация документа: РАЗМЕТКАРИК1
Работа завершена: 14.10.04 14:18:50
********************************************************************************
Управляющее программное обеспечение персонализации РИК
Начало работы :14.10.04 14:20:41
Оператор -  Тарасов Андрей Юрьевич
Режим: Основной
Подача: Автоматическая
Смена режимов работы на:
Режим: Основной
Подача: Ручная
УПО персонализации РИК - 1
Тестирование комплекса прошло успешно
Анализ заданий
Оператору доступны задания
314E6B00.SPR
20482C41.SPR
Персонализация документа: РАЗМЕТКАРИК1
Работа завершена: 14.10.04 14:21:31
********************************************************************************
Управляющее программное обеспечение персонализации РИК
Начало работы :14.10.04 14:33:05
Оператор -  Тарасов Андрей Юрьевич
Режим: Основной
Подача: Автоматическая
Работа завершена: 14.10.04 14:33:19
********************************************************************************
Управляющее программное обеспечение персонализации РИК
Начало работы :14.10.04 14:34:15
Оператор -  Тарасов Андрей Юрьевич
Режим: Основной
Подача: Автоматическая
Смена режимов работы на:
Режим: Основной
Подача: Ручная
УПО персонализации РИК - 1
Тестирование комплекса прошло успешно
Анализ заданий
Оператору доступны задания
314E6B00.SPR
20482C41.SPR
Персонализация документа: РАЗМЕТКАРИК1
Работа завершена: 14.10.04 14:35:38
********************************************************************************
Управляющее программное обеспечение персонализации РИК
Начало работы :14.10.04 14:43:34
Оператор -  Тарасов Андрей Юрьевич
Режим: Основной
Подача: Автоматическая
Смена режимов работы на:
Режим: Основной
Подача: Ручная
УПО персонализации РИК - 1
Тестирование комплекса прошло успешно
Анализ заданий
Оператору доступны задания
314E6B00.SPR
20482C41.SPR
Персонализация документа: РАЗМЕТКАРИК1
Ошибка: Несоответствие статусов полученного 6986 и ожидаемого 9000
Работа завершена: 14.10.04 14:44:57
********************************************************************************
Управляющее программное обеспечение персонализации РИК
Начало работы :14.10.04 14:55:15
Оператор -  Тарасов Андрей Юрьевич
Режим: Основной
Подача: Автоматическая
Смена режимов работы на:
Режим: Основной
Подача: Ручная
УПО персонализации РИК - 1
Тестирование комплекса прошло успешно
Анализ заданий
Оператору доступны задания
314E6B00.SPR
20482C41.SPR
Персонализация документа: РАЗМЕТКАРИК1
Работа завершена: 14.10.04 14:56:46
********************************************************************************
Управляющее программное обеспечение персонализации РИК
Начало работы :14.10.04 14:57:47
Оператор -  Тарасов Андрей Юрьевич
Режим: Основной
Подача: Автоматическая
Работа завершена: 14.10.04 14:57:56
********************************************************************************
Управляющее программное обеспечение персонализации РИК
Начало работы :14.10.04 15:02:02
Оператор -  Тарасов Андрей Юрьевич
Режим: Основной
Подача: Автоматическая
Смена режимов работы на:
Режим: Основной
Подача: Ручная
УПО персонализации РИК - 2
Тестирование комплекса прошло успешно
Анализ заданий
Оператору доступны задания
314E6B00.SPR
20482C41.SPR
Персонализация документа: РАЗМЕТКАРИК2
Файл протокола персоналиации :F:\Work_d1\Упо для Б ver 2\Jobs\EltronLog\6489307F.dat
Процесс персонализации карт завершен
Работа завершена: 14.10.04 15:06:22
********************************************************************************
Управляющее программное обеспечение персонализации РИК
Начало работы :02.11.04 8:37:16
Оператор -  Тарасов Андрей Юрьевич
Режим: Основной
Подача: Автоматическая
Смена режимов работы на:
Режим: Основной
Подача: Автоматическая
УПО персонализации РИК - 1
Тестирование комплекса прошло успешно
Анализ заданий
Оператору доступны задания
314E6B00.SPR
20482C41.SPR
Работа завершена: 02.11.04 9:04:49
********************************************************************************
Управляющее программное обеспечение персонализации РИК
Начало работы :02.11.04 9:23:49
Оператор -  Тарасов Андрей Юрьевич
Режим: Основной
Подача: Автоматическая
Смена режимов работы на:
Режим: Основной
Подача: Ручная
УПО персонализации РИК - 1
Тестирование комплекса прошло успешно
Анализ заданий
Оператору доступны задания
314E6B00.SPR
20482C41.SPR
Персонализация документа: РАЗМЕТКАРИК1
Работа завершена: 02.11.04 9:27:31
